<?xml version="1.0" encoding="UTF-8"?>
<!-- Generated by org.testng.reporters.JUnitXMLReporter -->
<testsuite ignored="5" hostname="DESKTOP-2JD998D" failures="0" tests="1" name="Default test" time="19.051" errors="0" timestamp="2023-02-20T13:51:00 IST">
  <testcase classname="PHPTravels.Tests.test_validateHomePage" name="validateMouseActions" time="10.407"/>
  <testcase classname="PHPTravels.Tests.test_validateHomePage" name="validateHotelsMenu" time="0.0">
    <ignored/>
  </testcase> <!-- validateHotelsMenu -->
  <testcase classname="PHPTravels.Tests.test_validateHomePage" name="validateFlightsMenu" time="0.0">
    <ignored/>
  </testcase> <!-- validateFlightsMenu -->
  <testcase classname="PHPTravels.Tests.test_validateHomePage" name="validate3rdCarosolCard" time="0.0">
    <ignored/>
  </testcase> <!-- validate3rdCarosolCard -->
  <testcase classname="PHPTravels.Tests.test_validateHomePage" name="validateBritishAirways" time="0.0">
    <ignored/>
  </testcase> <!-- validateBritishAirways -->
  <testcase classname="PHPTravels.Tests.test_validateHomePage" name="validatePageTitle" time="0.0">
    <ignored/>
  </testcase> <!-- validatePageTitle -->
</testsuite> <!-- Default test -->
