<?xml version="1.0" encoding="UTF-8"?>
<!-- Generated by org.testng.reporters.JUnitXMLReporter -->
<testsuite ignored="1" hostname="DESKTOP-2JD998D" failures="0" tests="4" name="Default test" time="16.773" errors="0" timestamp="2023-02-12T16:39:29 IST">
  <testcase classname="PHPTravels.Tests.test_validateHomePage" name="validatePageTitle" time="0.022"/>
  <testcase classname="PHPTravels.Tests.test_validateHomePage" name="validateHotelsMenu" time="0.078"/>
  <testcase classname="PHPTravels.Tests.test_validateHomePage" name="validateFlightsMenu" time="0.033"/>
  <testcase classname="PHPTravels.Tests.test_validateHomePage" name="validateBritishAirways" time="0.166"/>
  <testcase classname="PHPTravels.Tests.test_validateHomePage" name="validate3rdCarosolCard" time="0.0">
    <ignored/>
  </testcase> <!-- validate3rdCarosolCard -->
</testsuite> <!-- Default test -->
