<?xml version="1.0" encoding="UTF-8"?>
<!-- Generated by org.testng.reporters.JUnitXMLReporter -->
<testsuite ignored="2" hostname="DESKTOP-2JD998D" failures="0" tests="1" name="homePage(failed)" time="15.907" errors="0" timestamp="2023-05-24T15:06:32 IST">
  <testcase classname="automationpractice.Tests.Test_Test2" name="switchWindow" time="4.116"/>
  <testcase classname="automationpractice.Tests.Test_Test2" name="enterTextInSwitchToAlert" time="0.0">
    <ignored/>
  </testcase> <!-- enterTextInSwitchToAlert -->
  <testcase classname="automationpractice.Tests.Test_Test2" name="selectcheckBox2" time="0.0">
    <ignored/>
  </testcase> <!-- selectcheckBox2 -->
</testsuite> <!-- homePage(failed) -->
