<?xml version="1.0" encoding="UTF-8"?>
<!-- Generated by org.testng.reporters.JUnitXMLReporter -->
<testsuite ignored="5" hostname="DESKTOP-2JD998D" failures="0" tests="3" name="homePage" time="18.913" errors="0" timestamp="2024-02-26T10:38:30 IST">
  <testcase classname="PHPTravels.Tests.test_validateHomePage" name="validatePageTitle" time="0.034"/>
  <testcase classname="PHPTravels.Tests.test_validateHomePage" name="validateHotelsMenu" time="0.071"/>
  <testcase classname="PHPTravels.Tests.test_validateHomePage" name="validateFlightsMenu" time="0.033"/>
  <testcase classname="PHPTravels.Tests.test_validateHomePage" name="validateMouseActions" time="0.0">
    <ignored/>
  </testcase> <!-- validateMouseActions -->
  <testcase classname="PHPTravels.Tests.test_validateHotelsPage" name="searchHotel" time="0.0">
    <ignored/>
  </testcase> <!-- searchHotel -->
  <testcase classname="PHPTravels.Tests.test_validateHomePage" name="playWithWindows" time="0.0">
    <ignored/>
  </testcase> <!-- playWithWindows -->
  <testcase classname="PHPTravels.Tests.test_validateHomePage" name="validate3rdCarosolCard" time="0.0">
    <ignored/>
  </testcase> <!-- validate3rdCarosolCard -->
  <testcase classname="PHPTravels.Tests.test_validateHomePage" name="validateBritishAirways" time="0.0">
    <ignored/>
  </testcase> <!-- validateBritishAirways -->
</testsuite> <!-- homePage -->
