<?xml version="1.0" encoding="UTF-8"?>
<!-- Generated by org.testng.reporters.JUnitXMLReporter -->
<testsuite ignored="0" hostname="DESKTOP-2JD998D" failures="0" tests="9" name="validateHomePageMenus" time="16.748" errors="0" timestamp="2022-10-12T13:57:50 IST">
  <testcase classname="MakeMyTrip.Tests.test_validateHomePageMenus" name="validateFlightsMenu" time="0.994"/>
  <testcase classname="MakeMyTrip.Tests.test_validateHomePageMenus" name="validateHotelsMenu" time="0.198"/>
  <testcase classname="MakeMyTrip.Tests.test_validateHomePageMenus" name="validateHolidayPackagesMenu" time="0.112"/>
  <testcase classname="MakeMyTrip.Tests.test_validateHomePageMenus" name="validateTrainsMenu" time="0.188"/>
  <testcase classname="MakeMyTrip.Tests.test_validateHomePageMenus" name="validateBusesMenu" time="0.069"/>
  <testcase classname="MakeMyTrip.Tests.test_validateHomePageMenus" name="validateCabsMenu" time="0.068"/>
  <testcase classname="MakeMyTrip.Tests.test_validateHomePageMenus" name="validateForexMenu" time="0.062"/>
  <testcase classname="MakeMyTrip.Tests.test_validateHomePageMenus" name="validateCharterFlightsMenu" time="0.058"/>
  <testcase classname="MakeMyTrip.Tests.test_validateHomePageMenus" name="validateActivitiesMenu" time="0.06"/>
</testsuite> <!-- validateHomePageMenus -->
