<?xml version="1.0" encoding="UTF-8"?>
<testng-results ignored="4" total="6" passed="2" failed="0" skipped="0">
  <reporter-output>
  </reporter-output>
  <suite started-at="2023-02-03T17:19:31 IST" name="Default suite" finished-at="2023-02-03T17:19:55 IST" duration-ms="23929">
    <groups>
    </groups>
    <test started-at="2023-02-03T17:19:31 IST" name="Default test" finished-at="2023-02-03T17:19:55 IST" duration-ms="23929">
      <class name="PHPTravels.Tests.validateHomePage">
        <test-method is-config="true" signature="intializeTest()[pri:0, instance:PHPTravels.Tests.validateHomePage@6ae5aa72]" started-at="2023-02-03T17:19:31 IST" name="intializeTest" finished-at="2023-02-03T17:19:38 IST" duration-ms="6903" status="PASS">
          <reporter-output>
          </reporter-output>
        </test-method> <!-- intializeTest -->
        <test-method is-config="true" signature="getDriver()[pri:0, instance:PHPTravels.Tests.validateHomePage@6ae5aa72]" started-at="2023-02-03T17:19:38 IST" name="getDriver" finished-at="2023-02-03T17:19:38 IST" depends-on-methods="PHPTravels.Base.Base.intializeTest" duration-ms="1" status="PASS">
          <reporter-output>
          </reporter-output>
        </test-method> <!-- getDriver -->
        <test-method signature="validatePageTitle()[pri:4, instance:PHPTravels.Tests.validateHomePage@6ae5aa72]" started-at="2023-02-03T17:19:38 IST" name="validatePageTitle" finished-at="2023-02-03T17:19:38 IST" duration-ms="24" status="PASS">
          <reporter-output>
          </reporter-output>
        </test-method> <!-- validatePageTitle -->
        <test-method signature="searchHotel()[pri:5, instance:PHPTravels.Tests.validateHomePage@6ae5aa72]" started-at="2023-02-03T17:19:38 IST" name="searchHotel" finished-at="2023-02-03T17:19:53 IST" duration-ms="15684" status="PASS">
          <reporter-output>
          </reporter-output>
        </test-method> <!-- searchHotel -->
        <test-method is-config="true" signature="endTest()[pri:0, instance:PHPTravels.Tests.validateHomePage@6ae5aa72]" started-at="2023-02-03T17:19:53 IST" name="endTest" finished-at="2023-02-03T17:19:55 IST" duration-ms="1229" status="PASS">
          <reporter-output>
          </reporter-output>
        </test-method> <!-- endTest -->
      </class> <!-- PHPTravels.Tests.validateHomePage -->
    </test> <!-- Default test -->
  </suite> <!-- Default suite -->
</testng-results>
